0 info it worked if it ends with ok
1 verbose cli [ '/usr/bin/node', '/usr/bin/npm', 'run', 'build' ]
2 info using npm@3.5.2
3 info using node@v8.10.0
4 verbose run-script [ 'prebuild', 'build', 'postbuild' ]
5 info lifecycle @~prebuild: @
6 silly lifecycle @~prebuild: no script for prebuild, continuing
7 info lifecycle @~build: @
8 verbose lifecycle @~build: unsafe-perm in lifecycle true
9 verbose lifecycle @~build: PATH: /usr/share/npm/bin/node-gyp-bin:/mnt/c/Users/nhs90424/Documents/HAL/4th_2022/IH14/Mini_Tester/node_modules/.bin:/home/nhs90424/.cache/pypoetry/virtualenvs/relate-courseware-wC3p6lrs-py3.8/bin:/home/nhs90424/.local/bin:/home/nhs90424/.pyenv/shims:/home/nhs90424/.pyenv/bin:/home/nhs90424/.poetry/bin:/usr/local/sbin:/usr/local/bin:/usr/sbin:/usr/bin:/sbin:/bin:/usr/games:/usr/local/games:/mnt/c/oraclexe/app/oracle/product/11.2.0/server/bin:/mnt/c/Program Files (x86)/Common Files/Oracle/Java/javapath:/mnt/c/WINDOWS/system32:/mnt/c/WINDOWS:/mnt/c/WINDOWS/System32/Wbem:/mnt/c/WINDOWS/System32/WindowsPowerShell/v1.0/:/mnt/c/WINDOWS/System32/OpenSSH/:/mnt/c/Program Files/Intel/WiFi/bin/:/mnt/c/Program Files/Common Files/Intel/WirelessCommon/:/mnt/c/php:/mnt/c/composer:/mnt/c/ProgramData/chocolatey/bin:/mnt/c/Program Files/Git/cmd:/mnt/c/Program Files/Git/mingw64/bin:/mnt/c/Program Files/Git/usr/bin:/mnt/c/Program Files/CMake/bin:/mnt/c/Program Files/nodejs/:/mnt/c/java/bin:/mnt/c/HashiCorp/Vagrant/bin:/mnt/c/Program Files/Docker/Docker/resources/bin:/mnt/c/ProgramData/DockerDesktop/version-bin:/mnt/c/Program Files (x86)/Common Files/Acronis/SnapAPI/:/mnt/c/Program Files (x86)/Common Files/Acronis/VirtualFile/:/mnt/c/Program Files (x86)/Common Files/Acronis/VirtualFile64/:/mnt/c/Program Files (x86)/Common Files/Acronis/FileProtector/:/mnt/c/Program Files (x86)/Common Files/Acronis/FileProtector64/:/mnt/c/work:/mnt/c/Program Files/dotnet/:/mnt/c/Program Files (x86)/Intel/Intel(R) Management Engine Components/DAL:/mnt/c/Program Files/Intel/Intel(R) Management Engine Components/DAL:/mnt/c/Users/nhs90424/AppData/Local/Programs/Python/Python310/Scripts/:/mnt/c/Users/nhs90424/AppData/Local/Programs/Python/Python310/:/mnt/c/oraclexe/app/oracle/product/11.2.0/server/bin:/mnt/c/Program Files (x86)/Common Files/Oracle/Java/javapath:/mnt/c/WINDOWS/system32:/mnt/c/WINDOWS:/mnt/c/WINDOWS/System32/Wbem:/mnt/c/WINDOWS/System32/WindowsPowerShell/v1.0/:/mnt/c/WINDOWS/System32/OpenSSH/:/mnt/c/Program Files/Intel/WiFi/bin/:/mnt/c/Program Files/Common Files/Intel/WirelessCommon/:/mnt/c/php:/mnt/c/composer:/mnt/c/ProgramData/chocolatey/bin:/mnt/c/Program Files/Git/cmd:/mnt/c/Program Files/Git/mingw64/bin:/mnt/c/Program Files/Git/usr/bin:/mnt/c/Program Files/CMake/bin:/mnt/c/Program Files/nodejs/:/mnt/c/java/bin:/mnt/c/HashiCorp/Vagrant/bin:/mnt/c/Program Files/Docker/Docker/resources/bin:/mnt/c/ProgramData/DockerDesktop/version-bin:/mnt/c/Program Files (x86)/Common Files/Acronis/SnapAPI/:/mnt/c/Program Files (x86)/Common Files/Acronis/VirtualFile/:/mnt/c/Program Files (x86)/Common Files/Acronis/VirtualFile64/:/mnt/c/Program Files (x86)/Common Files/Acronis/FileProtector/:/mnt/c/Program Files (x86)/Common Files/Acronis/FileProtector64/:/mnt/c/work:/mnt/c/Program Files/dotnet/:/mnt/c/Program Files (x86)/Intel/Intel(R) Management Engine Components/DAL:/mnt/c/Program Files/Intel/Intel(R) Management Engine Components/DAL:/mnt/c/Program Files/PostgreSQL/13/bin:/mnt/c/Users/nhs90424/.dotnet/tools:/snap/bin
10 verbose lifecycle @~build: CWD: /mnt/c/Users/nhs90424/Documents/HAL/4th_2022/IH14/Mini_Tester
11 silly lifecycle @~build: Args: [ '-c', 'rollup --config' ]
12 info lifecycle @~build: Failed to exec build script
13 verbose stack Error: @ build: `rollup --config`
13 verbose stack spawn ENOENT
13 verbose stack     at ChildProcess.<anonymous> (/usr/share/npm/lib/utils/spawn.js:17:16)
13 verbose stack     at emitTwo (events.js:126:13)
13 verbose stack     at ChildProcess.emit (events.js:214:7)
13 verbose stack     at maybeClose (internal/child_process.js:925:16)
13 verbose stack     at Process.ChildProcess._handle.onexit (internal/child_process.js:209:5)
14 verbose pkgid @
15 verbose cwd /mnt/c/Users/nhs90424/Documents/HAL/4th_2022/IH14/Mini_Tester
16 error Linux 4.4.0-19041-Microsoft
17 error argv "/usr/bin/node" "/usr/bin/npm" "run" "build"
18 error node v8.10.0
19 error npm  v3.5.2
20 error file sh
21 error code ELIFECYCLE
22 error errno ENOENT
23 error syscall spawn
24 error @ build: `rollup --config`
24 error spawn ENOENT
25 error Failed at the @ build script 'rollup --config'.
25 error Make sure you have the latest version of node.js and npm installed.
25 error If you do, this is most likely a problem with the  package,
25 error not with npm itself.
25 error Tell the author that this fails on your system:
25 error     rollup --config
25 error You can get information on how to open an issue for this project with:
25 error     npm bugs
25 error Or if that isn't available, you can get their info via:
25 error     npm owner ls
25 error There is likely additional logging output above.
26 verbose exit [ 1, true ]
